Bacillus_spp_A0A1D9PQP9_9BACI	tr|I2C0C7|I2C0C7_BACAY	100.000	638	0	0	1	638	1	638	0.0	1313
Bacillus_spp_A0A1D9PQP9_9BACI	tr|A0A1D9PQP9|A0A1D9PQP9_9BACI	100.000	638	0	0	1	638	1	638	0.0	1313
Bacillus_spp_A0A1D9PQP9_9BACI	tr|A0A7W4LW23|A0A7W4LW23_9BACI	100.000	638	0	0	1	638	3	640	0.0	1312
Bacillus_spp_A0A1D9PQP9_9BACI	tr|A7Z0C8|A7Z0C8_BACVZ	99.843	638	1	0	1	638	1	638	0.0	1310
Bacillus_spp_A0A1D9PQP9_9BACI	tr|S6FNG9|S6FNG9_9BACI	99.843	638	1	0	1	638	3	640	0.0	1310
Bacillus_spp_A0A1D9PQP9_9BACI	tr|A0A0R7E4L4|A0A0R7E4L4_9BACI	99.766	427	1	0	58	484	1	427	0.0	868
Bacillus_spp_A0A1D9PQP9_9BACI	tr|A0A7U0IZ37|A0A7U0IZ37_9BACI	99.762	420	1	0	94	513	1	420	0.0	853
Bacillus_spp_A0A1D9PQP9_9BACI	tr|A0A7U0IZ37|A0A7U0IZ37_9BACI	25.455	55	33	1	35	89	21	67	2.5	22.3
Bacillus_spp_A0A1D9PQP9_9BACI	tr|A0A7U0IZJ2|A0A7U0IZJ2_9BACI	99.524	420	2	0	94	513	1	420	0.0	852
Bacillus_spp_A0A1D9PQP9_9BACI	tr|A0A7U0IZJ2|A0A7U0IZJ2_9BACI	25.455	55	33	1	35	89	21	67	2.5	22.3
Bacillus_spp_A0A1D9PQP9_9BACI	tr|A0A7U0FXD2|A0A7U0FXD2_9BACI	99.524	420	2	0	94	513	1	420	0.0	851
Bacillus_spp_A0A1D9PQP9_9BACI	tr|A0A7U0FXD2|A0A7U0FXD2_9BACI	25.455	55	33	1	35	89	21	67	2.5	22.3
Bacillus_spp_A0A1D9PQP9_9BACI	tr|A0A7U0IZV5|A0A7U0IZV5_9BACI	99.524	420	2	0	94	513	1	420	0.0	851
Bacillus_spp_A0A1D9PQP9_9BACI	tr|A0A7U0IZV5|A0A7U0IZV5_9BACI	25.455	55	33	1	35	89	21	67	2.5	22.3
Bacillus_spp_A0A1D9PQP9_9BACI	tr|A0A1W7GJU9|A0A1W7GJU9_9BACI	99.034	414	4	0	96	509	4	417	0.0	837
Bacillus_spp_A0A1D9PQP9_9BACI	tr|A0A1W7GJU9|A0A1W7GJU9_9BACI	29.091	55	31	2	35	89	22	68	2.7	22.3
Bacillus_spp_A0A1D9PQP9_9BACI	tr|A0A7G4WF92|A0A7G4WF92_9BACI	99.038	416	2	1	94	507	1	416	0.0	835
Bacillus_spp_A0A1D9PQP9_9BACI	tr|A0A7G4WF92|A0A7G4WF92_9BACI	25.455	55	33	1	35	89	21	67	2.5	22.3
Bacillus_spp_A0A1D9PQP9_9BACI	tr|A0A7S9DRA0|A0A7S9DRA0_9BACI	99.752	403	1	0	97	499	1	403	0.0	819
Bacillus_spp_A0A1D9PQP9_9BACI	tr|A0A7S9DRA0|A0A7S9DRA0_9BACI	29.091	55	31	2	35	89	18	64	2.2	22.7
Bacillus_spp_A0A1D9PQP9_9BACI	tr|A0A8A5T2M6|A0A8A5T2M6_9BACI	99.746	394	1	0	107	500	1	394	0.0	801
Bacillus_spp_A0A1D9PQP9_9BACI	tr|A0A8A5T2M6|A0A8A5T2M6_9BACI	29.091	55	31	2	35	89	8	54	2.3	22.3
Bacillus_spp_A0A1D9PQP9_9BACI	tr|A0A8A5STP7|A0A8A5STP7_9BACI	99.746	393	1	0	107	499	1	393	0.0	799
Bacillus_spp_A0A1D9PQP9_9BACI	tr|A0A8A5STP7|A0A8A5STP7_9BACI	29.091	55	31	2	35	89	8	54	2.3	22.3
Bacillus_spp_A0A1D9PQP9_9BACI	tr|A0A8A5SS96|A0A8A5SS96_9BACI	99.746	393	1	0	107	499	1	393	0.0	798
Bacillus_spp_A0A1D9PQP9_9BACI	tr|A0A8A5SS96|A0A8A5SS96_9BACI	29.091	55	31	2	35	89	8	54	2.2	22.7
Bacillus_spp_A0A1D9PQP9_9BACI	tr|A0A2Z4JF66|A0A2Z4JF66_9BACI	99.490	392	2	0	107	498	1	392	0.0	795
Bacillus_spp_A0A1D9PQP9_9BACI	tr|A0A2Z4JF66|A0A2Z4JF66_9BACI	29.091	55	31	2	35	89	8	54	2.3	22.3
Bacillus_spp_A0A1D9PQP9_9BACI	tr|A0A7T3P0U0|A0A7T3P0U0_9BACI	99.744	390	1	0	108	497	1	390	0.0	791
Bacillus_spp_A0A1D9PQP9_9BACI	tr|A0A7T3P0U0|A0A7T3P0U0_9BACI	29.091	55	31	2	35	89	7	53	2.3	22.3
Bacillus_spp_A0A1D9PQP9_9BACI	tr|H9AWI7|H9AWI7_9BACI	99.743	389	1	0	109	497	1	389	0.0	789
Bacillus_spp_A0A1D9PQP9_9BACI	tr|H9AWI7|H9AWI7_9BACI	29.091	55	31	2	35	89	6	52	2.3	22.3
Bacillus_spp_A0A1D9PQP9_9BACI	tr|A0A4D6K159|A0A4D6K159_9BACI	99.742	387	1	0	109	495	1	387	0.0	787
Bacillus_spp_A0A1D9PQP9_9BACI	tr|A0A4D6K159|A0A4D6K159_9BACI	29.091	55	31	2	35	89	6	52	2.2	22.7
Bacillus_spp_A0A1D9PQP9_9BACI	tr|A0A4Y5RSJ4|A0A4Y5RSJ4_9BACI	99.742	387	1	0	110	496	1	387	0.0	786
Bacillus_spp_A0A1D9PQP9_9BACI	tr|A0A4Y5RSJ4|A0A4Y5RSJ4_9BACI	29.091	55	31	2	35	89	5	51	2.3	22.3
Bacillus_spp_A0A1D9PQP9_9BACI	tr|A0A8G0D375|A0A8G0D375_9BACI	100.000	385	0	0	110	494	1	385	0.0	785
Bacillus_spp_A0A1D9PQP9_9BACI	tr|A0A8G0D375|A0A8G0D375_9BACI	29.091	55	31	2	35	89	5	51	2.2	22.7
Bacillus_spp_A0A1D9PQP9_9BACI	tr|A0A8G0D2F3|A0A8G0D2F3_9BACI	99.740	385	1	0	110	494	1	385	0.0	783
Bacillus_spp_A0A1D9PQP9_9BACI	tr|A0A8G0D2F3|A0A8G0D2F3_9BACI	29.091	55	31	2	35	89	5	51	2.2	22.7
Bacillus_spp_A0A1D9PQP9_9BACI	tr|A0A8B0M3W2|A0A8B0M3W2_9BACI	98.462	390	6	0	109	498	3	392	0.0	781
Bacillus_spp_A0A1D9PQP9_9BACI	tr|A0A8B0M3W2|A0A8B0M3W2_9BACI	29.091	55	31	2	35	89	8	54	2.2	22.7
Bacillus_spp_A0A1D9PQP9_9BACI	tr|A0A8G0D3K8|A0A8G0D3K8_9BACI	99.740	384	1	0	111	494	1	384	0.0	781
Bacillus_spp_A0A1D9PQP9_9BACI	tr|A0A8G0D3K8|A0A8G0D3K8_9BACI	29.091	55	31	2	35	89	4	50	2.2	22.7
Bacillus_spp_A0A1D9PQP9_9BACI	tr|A0A8B0M8B6|A0A8B0M8B6_9BACI	98.969	388	4	0	110	497	4	391	0.0	780
Bacillus_spp_A0A1D9PQP9_9BACI	tr|A0A8B0M8B6|A0A8B0M8B6_9BACI	25.455	55	33	1	35	89	8	54	2.1	22.7
Bacillus_spp_A0A1D9PQP9_9BACI	tr|A0A8B0M7D2|A0A8B0M7D2_9BACI	98.969	388	4	0	111	498	1	388	0.0	780
Bacillus_spp_A0A1D9PQP9_9BACI	tr|A0A8B0M7D2|A0A8B0M7D2_9BACI	25.455	55	33	1	35	89	4	50	2.3	22.3
Bacillus_spp_A0A1D9PQP9_9BACI	tr|A0A8G0D3U1|A0A8G0D3U1_9BACI	100.000	383	0	0	110	492	1	383	0.0	779
Bacillus_spp_A0A1D9PQP9_9BACI	tr|A0A8G0D3U1|A0A8G0D3U1_9BACI	25.455	55	33	1	35	89	5	51	2.3	22.3
Bacillus_spp_A0A1D9PQP9_9BACI	tr|A0A8G0G6V6|A0A8G0G6V6_9BACI	99.739	383	1	0	110	492	1	383	0.0	777
Bacillus_spp_A0A1D9PQP9_9BACI	tr|A0A8G0G6V6|A0A8G0G6V6_9BACI	25.455	55	33	1	35	89	5	51	2.3	22.3
Bacillus_spp_A0A1D9PQP9_9BACI	tr|A0A8G0D382|A0A8G0D382_9BACI	99.738	382	1	0	111	492	1	382	0.0	775
Bacillus_spp_A0A1D9PQP9_9BACI	tr|A0A8G0D382|A0A8G0D382_9BACI	25.455	55	33	1	35	89	4	50	2.2	22.7
Bacillus_spp_A0A1D9PQP9_9BACI	tr|A0A5C1J1S6|A0A5C1J1S6_9BACI	99.738	381	1	0	112	492	1	381	0.0	772
Bacillus_spp_A0A1D9PQP9_9BACI	tr|A0A5C1J1S6|A0A5C1J1S6_9BACI	25.455	55	33	1	35	89	3	49	2.3	22.3
Bacillus_spp_A0A1D9PQP9_9BACI	tr|A0A8G0D1B6|A0A8G0D1B6_9BACI	99.737	380	1	0	113	492	1	380	0.0	770
Bacillus_spp_A0A1D9PQP9_9BACI	tr|A0A8G0D1B6|A0A8G0D1B6_9BACI	25.455	55	33	1	35	89	2	48	2.3	22.3
Bacillus_spp_A0A1D9PQP9_9BACI	tr|A0A1D7GRB0|A0A1D7GRB0_9BACI	99.474	380	2	0	109	488	1	380	0.0	769
Bacillus_spp_A0A1D9PQP9_9BACI	tr|A0A1D7GRB0|A0A1D7GRB0_9BACI	25.455	55	33	1	35	89	6	52	2.4	22.3
Bacillus_spp_A0A1D9PQP9_9BACI	tr|A0A8G0G625|A0A8G0G625_9BACI	99.735	378	1	0	111	488	1	378	0.0	766
Bacillus_spp_A0A1D9PQP9_9BACI	tr|A0A8G0G625|A0A8G0G625_9BACI	25.455	55	33	1	35	89	4	50	2.5	22.3
Bacillus_spp_A0A1D9PQP9_9BACI	tr|A0A8A5SSR9|A0A8A5SSR9_9BACI	96.915	389	12	0	111	499	1	389	0.0	765
Bacillus_spp_A0A1D9PQP9_9BACI	tr|A0A8G0D2D6|A0A8G0D2D6_9BACI	99.734	376	1	0	113	488	1	376	0.0	763
Bacillus_spp_A0A1D9PQP9_9BACI	tr|A0A8G0D2D6|A0A8G0D2D6_9BACI	25.455	55	33	1	35	89	2	48	2.5	22.3
Bacillus_spp_A0A1D9PQP9_9BACI	tr|A0A1L2IW07|A0A1L2IW07_9BACI	99.467	375	2	0	113	487	1	375	0.0	760
Bacillus_spp_A0A1D9PQP9_9BACI	tr|A0A1L2IW07|A0A1L2IW07_9BACI	25.455	55	33	1	35	89	2	48	2.4	22.3
Bacillus_spp_A0A1D9PQP9_9BACI	tr|A0A7D3QEX7|A0A7D3QEX7_9BACI	99.730	370	1	0	119	488	1	370	0.0	751
Bacillus_spp_A0A1D9PQP9_9BACI	tr|A0A7D3QEX7|A0A7D3QEX7_9BACI	28.125	32	23	0	58	89	11	42	6.4	21.2
Bacillus_spp_A0A1D9PQP9_9BACI	tr|A0A4D7ADX9|A0A4D7ADX9_9BACI	100.000	368	0	0	128	495	1	368	0.0	751
Bacillus_spp_A0A1D9PQP9_9BACI	tr|A0A4D7ADX9|A0A4D7ADX9_9BACI	28.125	32	23	0	58	89	2	33	5.5	21.2
Bacillus_spp_A0A1D9PQP9_9BACI	tr|A0A3G2C3F4|A0A3G2C3F4_9BACI	99.727	366	1	0	127	492	1	366	0.0	743
Bacillus_spp_A0A1D9PQP9_9BACI	tr|A0A3G2C3F4|A0A3G2C3F4_9BACI	28.125	32	23	0	58	89	3	34	6.2	21.2
Bacillus_spp_A0A1D9PQP9_9BACI	tr|A0A346RPC8|A0A346RPC8_9BACI	99.727	366	1	0	121	486	1	366	0.0	743
Bacillus_spp_A0A1D9PQP9_9BACI	tr|A0A346RPC8|A0A346RPC8_9BACI	28.125	32	23	0	58	89	9	40	6.3	21.2
Bacillus_spp_A0A1D9PQP9_9BACI	tr|A0A2P1D024|A0A2P1D024_9BACI	99.726	365	1	0	128	492	1	365	0.0	741
Bacillus_spp_A0A1D9PQP9_9BACI	tr|A0A2P1D024|A0A2P1D024_9BACI	28.125	32	23	0	58	89	2	33	6.3	21.2
Bacillus_spp_A0A1D9PQP9_9BACI	tr|A0A8A5STQ0|A0A8A5STQ0_9BACI	97.333	375	10	0	114	488	1	375	0.0	739
Bacillus_spp_A0A1D9PQP9_9BACI	tr|A0A0U3FIS5|A0A0U3FIS5_9BACI	99.721	359	1	0	126	484	1	359	0.0	728
Bacillus_spp_A0A1D9PQP9_9BACI	tr|A0A0U3FIS5|A0A0U3FIS5_9BACI	28.125	32	23	0	58	89	4	35	6.5	21.2
Bacillus_spp_A0A1D9PQP9_9BACI	tr|A0A5P8TXR1|A0A5P8TXR1_9BACI	99.444	360	2	0	129	488	1	360	0.0	728
Bacillus_spp_A0A1D9PQP9_9BACI	tr|A0A5P8TXR1|A0A5P8TXR1_9BACI	28.125	32	23	0	58	89	1	32	7.0	20.8
Bacillus_spp_A0A1D9PQP9_9BACI	tr|A0A8F2J170|A0A8F2J170_9BACI	99.721	358	1	0	127	484	1	358	0.0	727
Bacillus_spp_A0A1D9PQP9_9BACI	tr|A0A8F2J170|A0A8F2J170_9BACI	28.125	32	23	0	58	89	3	34	6.2	21.2
Bacillus_spp_A0A1D9PQP9_9BACI	tr|A0A8F2EGG5|A0A8F2EGG5_9BACI	99.721	358	1	0	127	484	1	358	0.0	726
Bacillus_spp_A0A1D9PQP9_9BACI	tr|A0A8F2EGG5|A0A8F2EGG5_9BACI	28.125	32	23	0	58	89	3	34	6.2	21.2
Bacillus_spp_A0A1D9PQP9_9BACI	tr|A0A8F9SIZ7|A0A8F9SIZ7_9BACI	99.717	353	1	0	133	485	1	353	0.0	717
Bacillus_spp_A0A1D9PQP9_9BACI	tr|X2C0N1|X2C0N1_9BACI	100.000	351	0	0	127	477	1	351	0.0	716
Bacillus_spp_A0A1D9PQP9_9BACI	tr|X2C0N1|X2C0N1_9BACI	28.125	32	23	0	58	89	3	34	5.7	21.2
Bacillus_spp_A0A1D9PQP9_9BACI	tr|U3Q3Y2|U3Q3Y2_9BACI	99.714	350	1	0	137	486	1	350	0.0	713
Bacillus_spp_A0A1D9PQP9_9BACI	tr|U3Q0L7|U3Q0L7_9BACI	99.714	350	1	0	137	486	1	350	0.0	712
Bacillus_spp_A0A1D9PQP9_9BACI	tr|A0A7L7SWL9|A0A7L7SWL9_9BACI	99.708	343	1	0	102	444	1	343	0.0	699
Bacillus_spp_A0A1D9PQP9_9BACI	tr|A0A7L7SWL9|A0A7L7SWL9_9BACI	29.091	55	31	2	35	89	13	59	2.0	22.7
Bacillus_spp_A0A1D9PQP9_9BACI	tr|A0A8F9SJ00|A0A8F9SJ00_9BACI	99.706	340	1	0	118	457	1	340	0.0	692
Bacillus_spp_A0A1D9PQP9_9BACI	tr|A0A8F9SJ00|A0A8F9SJ00_9BACI	28.125	32	23	0	58	89	12	43	5.5	21.2
Bacillus_spp_A0A1D9PQP9_9BACI	tr|U3PXA6|U3PXA6_9BACI	99.696	329	1	0	157	485	1	329	0.0	667
Bacillus_spp_A0A1D9PQP9_9BACI	tr|A0A291NU89|A0A291NU89_9BACI	100.000	308	0	0	118	425	1	308	0.0	630
Bacillus_spp_A0A1D9PQP9_9BACI	tr|A0A291NU89|A0A291NU89_9BACI	28.125	32	23	0	58	89	12	43	5.2	21.2
Bacillus_spp_A0A1D9PQP9_9BACI	tr|A0A2H4NQZ6|A0A2H4NQZ6_9BACI	100.000	306	0	0	118	423	1	306	0.0	625
Bacillus_spp_A0A1D9PQP9_9BACI	tr|A0A2H4NQZ6|A0A2H4NQZ6_9BACI	28.125	32	23	0	58	89	12	43	5.5	21.2
Bacillus_spp_A0A1D9PQP9_9BACI	tr|A0A2H4NQY1|A0A2H4NQY1_9BACI	100.000	304	0	0	118	421	1	304	0.0	622
Bacillus_spp_A0A1D9PQP9_9BACI	tr|A0A2H4NQY1|A0A2H4NQY1_9BACI	28.125	32	23	0	58	89	12	43	5.5	21.2
Bacillus_spp_A0A1D9PQP9_9BACI	tr|A0A5P8SVC2|A0A5P8SVC2_9BACI	99.672	305	1	0	114	418	1	305	0.0	620
Bacillus_spp_A0A1D9PQP9_9BACI	tr|A0A5P8SVC2|A0A5P8SVC2_9BACI	29.091	55	31	2	35	89	1	47	2.2	22.3
Bacillus_spp_A0A1D9PQP9_9BACI	tr|A0A2H4NQZ0|A0A2H4NQZ0_9BACI	100.000	303	0	0	118	420	1	303	0.0	620
Bacillus_spp_A0A1D9PQP9_9BACI	tr|A0A2H4NQZ0|A0A2H4NQZ0_9BACI	28.125	32	23	0	58	89	12	43	5.3	21.2
Bacillus_spp_A0A1D9PQP9_9BACI	tr|A0A2I7VTB3|A0A2I7VTB3_9BACI	91.944	360	17	4	114	462	1	359	0.0	619
Bacillus_spp_A0A1D9PQP9_9BACI	tr|A0A2I7VTB3|A0A2I7VTB3_9BACI	29.091	55	31	2	35	89	1	47	1.2	23.5
Bacillus_spp_A0A1D9PQP9_9BACI	tr|A0A291NUA3|A0A291NUA3_9BACI	100.000	301	0	0	111	411	1	301	0.0	613
Bacillus_spp_A0A1D9PQP9_9BACI	tr|A0A291NUA3|A0A291NUA3_9BACI	25.455	55	33	1	35	89	4	50	2.0	22.7
Bacillus_spp_A0A1D9PQP9_9BACI	tr|R4SGU5|R4SGU5_9BACI	100.000	300	0	0	188	487	1	300	0.0	610
Bacillus_spp_A0A1D9PQP9_9BACI	tr|G9I659|G9I659_BACVZ	99.645	282	1	0	133	414	1	282	0.0	576
Bacillus_spp_A0A1D9PQP9_9BACI	tr|U3Q3X7|U3Q3X7_9BACI	100.000	283	0	0	204	486	1	283	0.0	576
Bacillus_spp_A0A1D9PQP9_9BACI	tr|U3Q0K6|U3Q0K6_9BACI	100.000	280	0	0	207	486	1	280	0.0	570
Bacillus_spp_A0A1D9PQP9_9BACI	tr|A0A2H4PJY8|A0A2H4PJY8_9BACI	100.000	271	0	0	143	413	1	271	0.0	554
Bacillus_spp_A0A1D9PQP9_9BACI	tr|A0A2Z4QL95|A0A2Z4QL95_9BACI	99.632	272	1	0	96	367	1	272	0.0	553
Bacillus_spp_A0A1D9PQP9_9BACI	tr|A0A2Z4QL95|A0A2Z4QL95_9BACI	29.091	55	31	2	35	89	19	65	1.9	22.7
Bacillus_spp_A0A1D9PQP9_9BACI	tr|A0A2H4PJI5|A0A2H4PJI5_9BACI	100.000	267	0	0	143	409	1	267	0.0	546
Bacillus_spp_A0A1D9PQP9_9BACI	tr|A0A1Z1X916|A0A1Z1X916_9BACI	100.000	239	0	0	189	427	1	239	5.66e-174	487
Bacillus_spp_A0A1D9PQP9_9BACI	tr|U3PYK3|U3PYK3_9BACI	98.131	214	4	0	273	486	1	214	3.87e-151	428
Bacillus_spp_A0A1D9PQP9_9BACI	tr|U3PWH5|U3PWH5_9BACI	98.544	206	3	0	281	486	1	206	6.05e-145	412
Bacillus_spp_A0A1D9PQP9_9BACI	tr|U3Q3V9|U3Q3V9_9BACI	100.000	194	0	0	293	486	1	194	4.22e-138	394
Bacillus_spp_A0A1D9PQP9_9BACI	tr|U3PX95|U3PX95_9BACI	100.000	130	0	0	357	486	1	130	5.39e-88	262
Bacillus_spp_A0A1D9PQP9_9BACI	tr|U3PYK6|U3PYK6_9BACI	99.160	119	1	0	368	486	1	119	1.41e-78	238
Bacillus_spp_A0A1D9PQP9_9BACI	tr|U3PYL1|U3PYL1_9BACI	97.500	120	3	0	367	486	1	120	6.88e-78	236
Bacillus_spp_A0A1D9PQP9_9BACI	tr|U3Q3V4|U3Q3V4_9BACI	95.876	97	4	0	388	484	1	97	2.00e-59	186
Bacillus_spp_A0A1D9PQP9_9BACI	tr|A0A4Y6HRI7|A0A4Y6HRI7_9BACI	98.551	69	1	0	145	213	1	69	1.52e-42	140
Escherichia_coli_GYRB_ECOLI	tr|S6FNG9|S6FNG9_9BACI	59.747	554	219	3	3	554	8	559	0.0	671
Escherichia_coli_GYRB_ECOLI	tr|S6FNG9|S6FNG9_9BACI	54.639	97	38	2	712	804	546	640	1.97e-24	100
Escherichia_coli_GYRB_ECOLI	tr|I2C0C7|I2C0C7_BACAY	59.567	554	220	3	3	554	6	557	0.0	668
Escherichia_coli_GYRB_ECOLI	tr|I2C0C7|I2C0C7_BACAY	54.639	97	38	2	712	804	544	638	1.86e-24	100
Escherichia_coli_GYRB_ECOLI	tr|A0A1D9PQP9|A0A1D9PQP9_9BACI	59.567	554	220	3	3	554	6	557	0.0	668
Escherichia_coli_GYRB_ECOLI	tr|A0A1D9PQP9|A0A1D9PQP9_9BACI	54.639	97	38	2	712	804	544	638	1.86e-24	100
Escherichia_coli_GYRB_ECOLI	tr|A0A7W4LW23|A0A7W4LW23_9BACI	59.567	554	220	3	3	554	8	559	0.0	667
Escherichia_coli_GYRB_ECOLI	tr|A0A7W4LW23|A0A7W4LW23_9BACI	54.639	97	38	2	712	804	546	640	1.99e-24	100
Escherichia_coli_GYRB_ECOLI	tr|A7Z0C8|A7Z0C8_BACVZ	59.386	554	221	3	3	554	6	557	0.0	665
Escherichia_coli_GYRB_ECOLI	tr|A7Z0C8|A7Z0C8_BACVZ	54.639	97	38	2	712	804	544	638	1.87e-24	100
Escherichia_coli_GYRB_ECOLI	tr|A0A7U0FXD2|A0A7U0FXD2_9BACI	59.620	421	167	2	92	510	1	420	1.12e-173	499
Escherichia_coli_GYRB_ECOLI	tr|A0A7U0FXD2|A0A7U0FXD2_9BACI	35.556	45	21	2	35	79	23	59	3.3	22.3
Escherichia_coli_GYRB_ECOLI	tr|A0A7U0IZJ2|A0A7U0IZJ2_9BACI	59.620	421	167	2	92	510	1	420	6.46e-173	497
Escherichia_coli_GYRB_ECOLI	tr|A0A7U0IZJ2|A0A7U0IZJ2_9BACI	35.556	45	21	2	35	79	23	59	3.3	22.3
Escherichia_coli_GYRB_ECOLI	tr|A0A7U0IZ37|A0A7U0IZ37_9BACI	59.382	421	168	2	92	510	1	420	2.06e-172	496
Escherichia_coli_GYRB_ECOLI	tr|A0A7U0IZ37|A0A7U0IZ37_9BACI	35.556	45	21	2	35	79	23	59	3.5	22.3
Escherichia_coli_GYRB_ECOLI	tr|A0A7U0IZV5|A0A7U0IZV5_9BACI	59.145	421	169	2	92	510	1	420	3.05e-171	493
Escherichia_coli_GYRB_ECOLI	tr|A0A7U0IZV5|A0A7U0IZV5_9BACI	35.556	45	21	2	35	79	23	59	3.3	22.3
Escherichia_coli_GYRB_ECOLI	tr|A0A0R7E4L4|A0A0R7E4L4_9BACI	57.746	426	178	1	56	479	1	426	8.32e-170	489
Escherichia_coli_GYRB_ECOLI	tr|A0A1W7GJU9|A0A1W7GJU9_9BACI	58.554	415	169	2	94	506	4	417	9.49e-167	481
Escherichia_coli_GYRB_ECOLI	tr|A0A1W7GJU9|A0A1W7GJU9_9BACI	35.556	45	21	2	35	79	24	60	3.0	22.3
Escherichia_coli_GYRB_ECOLI	tr|A0A7G4WF92|A0A7G4WF92_9BACI	58.753	417	167	3	92	504	1	416	1.75e-166	481
Escherichia_coli_GYRB_ECOLI	tr|A0A7G4WF92|A0A7G4WF92_9BACI	35.556	45	21	2	35	79	23	59	3.2	22.3
Escherichia_coli_GYRB_ECOLI	tr|A0A7S9DRA0|A0A7S9DRA0_9BACI	57.921	404	167	2	95	496	1	403	8.13e-161	466
Escherichia_coli_GYRB_ECOLI	tr|A0A7S9DRA0|A0A7S9DRA0_9BACI	35.556	45	21	2	35	79	20	56	2.9	22.3
Escherichia_coli_GYRB_ECOLI	tr|A0A8A5T2M6|A0A8A5T2M6_9BACI	56.962	395	167	2	105	497	1	394	8.04e-153	445
Escherichia_coli_GYRB_ECOLI	tr|A0A8A5T2M6|A0A8A5T2M6_9BACI	35.556	45	21	2	35	79	10	46	2.8	22.7
Escherichia_coli_GYRB_ECOLI	tr|A0A8A5SS96|A0A8A5SS96_9BACI	56.599	394	168	2	105	496	1	393	4.44e-151	440
Escherichia_coli_GYRB_ECOLI	tr|A0A8A5SS96|A0A8A5SS96_9BACI	35.556	45	21	2	35	79	10	46	2.6	22.7
Escherichia_coli_GYRB_ECOLI	tr|A0A8A5STP7|A0A8A5STP7_9BACI	56.345	394	169	2	105	496	1	393	5.87e-151	440
Escherichia_coli_GYRB_ECOLI	tr|A0A8A5STP7|A0A8A5STP7_9BACI	35.556	45	21	2	35	79	10	46	2.9	22.7
Escherichia_coli_GYRB_ECOLI	tr|H9AWI7|H9AWI7_9BACI	56.959	388	164	2	109	494	3	389	1.95e-150	438
Escherichia_coli_GYRB_ECOLI	tr|H9AWI7|H9AWI7_9BACI	35.556	45	21	2	35	79	8	44	2.7	22.7
Escherichia_coli_GYRB_ECOLI	tr|A0A2Z4JF66|A0A2Z4JF66_9BACI	56.489	393	168	2	105	495	1	392	3.12e-150	438
Escherichia_coli_GYRB_ECOLI	tr|A0A2Z4JF66|A0A2Z4JF66_9BACI	35.556	45	21	2	35	79	10	46	2.8	22.7
Escherichia_coli_GYRB_ECOLI	tr|A0A8G0D2F3|A0A8G0D2F3_9BACI	57.403	385	161	2	109	491	2	385	7.43e-150	437
Escherichia_coli_GYRB_ECOLI	tr|A0A8G0D2F3|A0A8G0D2F3_9BACI	35.556	45	21	2	35	79	7	43	2.6	22.7
Escherichia_coli_GYRB_ECOLI	tr|A0A8B0M7D2|A0A8B0M7D2_9BACI	56.812	389	165	2	109	495	1	388	3.05e-149	435
Escherichia_coli_GYRB_ECOLI	tr|A0A8B0M7D2|A0A8B0M7D2_9BACI	35.556	45	21	2	35	79	6	42	2.8	22.7
Escherichia_coli_GYRB_ECOLI	tr|A0A4D6K159|A0A4D6K159_9BACI	57.403	385	161	2	109	491	3	386	3.97e-149	435
Escherichia_coli_GYRB_ECOLI	tr|A0A4D6K159|A0A4D6K159_9BACI	35.556	45	21	2	35	79	8	44	2.5	22.7
Escherichia_coli_GYRB_ECOLI	tr|A0A8G0D375|A0A8G0D375_9BACI	57.143	385	162	2	109	491	2	385	1.08e-148	434
Escherichia_coli_GYRB_ECOLI	tr|A0A8G0D375|A0A8G0D375_9BACI	35.556	45	21	2	35	79	7	43	2.6	22.7
Escherichia_coli_GYRB_ECOLI	tr|A0A8B0M3W2|A0A8B0M3W2_9BACI	56.555	389	166	2	109	495	5	392	1.11e-148	434
Escherichia_coli_GYRB_ECOLI	tr|A0A8B0M3W2|A0A8B0M3W2_9BACI	35.556	45	21	2	35	79	10	46	2.6	22.7
Escherichia_coli_GYRB_ECOLI	tr|A0A8B0M8B6|A0A8B0M8B6_9BACI	57.143	385	162	2	109	491	5	388	2.26e-148	433
Escherichia_coli_GYRB_ECOLI	tr|A0A8B0M8B6|A0A8B0M8B6_9BACI	35.556	45	21	2	35	79	10	46	2.7	22.7
Escherichia_coli_GYRB_ECOLI	tr|A0A7T3P0U0|A0A7T3P0U0_9BACI	56.443	388	166	2	109	494	4	390	3.16e-148	433
Escherichia_coli_GYRB_ECOLI	tr|A0A7T3P0U0|A0A7T3P0U0_9BACI	35.556	45	21	2	35	79	9	45	2.8	22.7
Escherichia_coli_GYRB_ECOLI	tr|A0A4Y5RSJ4|A0A4Y5RSJ4_9BACI	56.589	387	165	2	109	493	2	387	4.39e-148	432
Escherichia_coli_GYRB_ECOLI	tr|A0A4Y5RSJ4|A0A4Y5RSJ4_9BACI	35.556	45	21	2	35	79	7	43	2.8	22.7
Escherichia_coli_GYRB_ECOLI	tr|A0A8G0D3K8|A0A8G0D3K8_9BACI	56.883	385	163	2	109	491	1	384	5.18e-148	432
Escherichia_coli_GYRB_ECOLI	tr|A0A8G0D3K8|A0A8G0D3K8_9BACI	35.556	45	21	2	35	79	6	42	2.8	22.7
Escherichia_coli_GYRB_ECOLI	tr|A0A8G0G6V6|A0A8G0G6V6_9BACI	57.180	383	161	2	109	489	2	383	2.36e-147	430
Escherichia_coli_GYRB_ECOLI	tr|A0A8G0G6V6|A0A8G0G6V6_9BACI	35.556	45	21	2	35	79	7	43	2.6	22.7
Escherichia_coli_GYRB_ECOLI	tr|A0A1D7GRB0|A0A1D7GRB0_9BACI	57.600	375	157	1	109	481	3	377	6.13e-147	429
Escherichia_coli_GYRB_ECOLI	tr|A0A1D7GRB0|A0A1D7GRB0_9BACI	35.556	45	21	2	35	79	8	44	2.8	22.7
Escherichia_coli_GYRB_ECOLI	tr|A0A8G0G625|A0A8G0G625_9BACI	57.600	375	157	1	109	481	1	375	7.48e-147	429
Escherichia_coli_GYRB_ECOLI	tr|A0A8G0G625|A0A8G0G625_9BACI	35.556	45	21	2	35	79	6	42	2.8	22.7
Escherichia_coli_GYRB_ECOLI	tr|A0A8G0D3U1|A0A8G0D3U1_9BACI	56.919	383	162	2	109	489	2	383	1.72e-146	428
Escherichia_coli_GYRB_ECOLI	tr|A0A8G0D3U1|A0A8G0D3U1_9BACI	35.556	45	21	2	35	79	7	43	2.6	22.7
Escherichia_coli_GYRB_ECOLI	tr|A0A5C1J1S6|A0A5C1J1S6_9BACI	57.068	382	161	2	110	489	1	381	2.10e-146	428
Escherichia_coli_GYRB_ECOLI	tr|A0A5C1J1S6|A0A5C1J1S6_9BACI	35.556	45	21	2	35	79	5	41	2.7	22.7
Escherichia_coli_GYRB_ECOLI	tr|A0A8G0D1B6|A0A8G0D1B6_9BACI	56.955	381	161	2	111	489	1	380	8.40e-146	426
Escherichia_coli_GYRB_ECOLI	tr|A0A8G0D1B6|A0A8G0D1B6_9BACI	35.556	45	21	2	35	79	4	40	2.7	22.7
Escherichia_coli_GYRB_ECOLI	tr|A0A8G0D382|A0A8G0D382_9BACI	56.658	383	163	2	109	489	1	382	1.18e-145	426
Escherichia_coli_GYRB_ECOLI	tr|A0A8G0D382|A0A8G0D382_9BACI	35.556	45	21	2	35	79	6	42	2.7	22.7
Escherichia_coli_GYRB_ECOLI	tr|A0A8G0D2D6|A0A8G0D2D6_9BACI	57.373	373	157	1	111	481	1	373	3.20e-145	424
Escherichia_coli_GYRB_ECOLI	tr|A0A8G0D2D6|A0A8G0D2D6_9BACI	35.556	45	21	2	35	79	4	40	2.9	22.7
Escherichia_coli_GYRB_ECOLI	tr|A0A1L2IW07|A0A1L2IW07_9BACI	57.105	373	158	1	111	481	1	373	6.88e-144	421
Escherichia_coli_GYRB_ECOLI	tr|A0A1L2IW07|A0A1L2IW07_9BACI	35.556	45	21	2	35	79	4	40	2.9	22.3
Escherichia_coli_GYRB_ECOLI	tr|A0A8A5SSR9|A0A8A5SSR9_9BACI	55.128	390	172	2	109	496	1	389	1.44e-143	421
Escherichia_coli_GYRB_ECOLI	tr|A0A7D3QEX7|A0A7D3QEX7_9BACI	56.676	367	157	1	117	481	1	367	7.53e-140	410
Escherichia_coli_GYRB_ECOLI	tr|A0A7D3QEX7|A0A7D3QEX7_9BACI	42.105	19	11	0	61	79	16	34	7.0	21.2
Escherichia_coli_GYRB_ECOLI	tr|A0A346RPC8|A0A346RPC8_9BACI	56.438	365	157	1	119	481	1	365	5.35e-139	408
Escherichia_coli_GYRB_ECOLI	tr|A0A346RPC8|A0A346RPC8_9BACI	42.105	19	11	0	61	79	14	32	7.0	21.2
Escherichia_coli_GYRB_ECOLI	tr|A0A4D7ADX9|A0A4D7ADX9_9BACI	55.435	368	161	2	126	491	1	367	2.03e-136	402
Escherichia_coli_GYRB_ECOLI	tr|A0A4D7ADX9|A0A4D7ADX9_9BACI	42.105	19	11	0	61	79	7	25	6.4	21.6
Escherichia_coli_GYRB_ECOLI	tr|A0A3G2C3F4|A0A3G2C3F4_9BACI	55.586	367	160	2	125	489	1	366	4.25e-136	400
Escherichia_coli_GYRB_ECOLI	tr|A0A3G2C3F4|A0A3G2C3F4_9BACI	42.105	19	11	0	61	79	8	26	6.5	21.6
Escherichia_coli_GYRB_ECOLI	tr|A0A8A5STQ0|A0A8A5STQ0_9BACI	55.108	372	165	1	112	481	1	372	6.10e-136	400
Escherichia_coli_GYRB_ECOLI	tr|A0A0U3FIS5|A0A0U3FIS5_9BACI	56.145	358	155	1	124	479	1	358	1.47e-135	399
Escherichia_coli_GYRB_ECOLI	tr|A0A0U3FIS5|A0A0U3FIS5_9BACI	42.105	19	11	0	61	79	9	27	6.9	21.2
Escherichia_coli_GYRB_ECOLI	tr|A0A2P1D024|A0A2P1D024_9BACI	55.464	366	160	2	126	489	1	365	2.63e-135	399
Escherichia_coli_GYRB_ECOLI	tr|A0A2P1D024|A0A2P1D024_9BACI	42.105	19	11	0	61	79	7	25	6.6	21.2
Escherichia_coli_GYRB_ECOLI	tr|A0A8F2EGG5|A0A8F2EGG5_9BACI	56.022	357	155	1	125	479	1	357	1.34e-134	396
Escherichia_coli_GYRB_ECOLI	tr|A0A8F2EGG5|A0A8F2EGG5_9BACI	42.105	19	11	0	61	79	8	26	6.7	21.2
Escherichia_coli_GYRB_ECOLI	tr|A0A5P8TXR1|A0A5P8TXR1_9BACI	55.462	357	157	1	127	481	1	357	3.46e-133	393
Escherichia_coli_GYRB_ECOLI	tr|A0A5P8TXR1|A0A5P8TXR1_9BACI	42.105	19	11	0	61	79	6	24	7.3	21.2
Escherichia_coli_GYRB_ECOLI	tr|A0A8F2J170|A0A8F2J170_9BACI	55.462	357	157	1	125	479	1	357	7.80e-133	392
Escherichia_coli_GYRB_ECOLI	tr|A0A8F2J170|A0A8F2J170_9BACI	42.105	19	11	0	61	79	8	26	6.8	21.2
Escherichia_coli_GYRB_ECOLI	tr|U3Q0L7|U3Q0L7_9BACI	56.447	349	150	1	135	481	1	349	3.37e-132	390
Escherichia_coli_GYRB_ECOLI	tr|U3Q3Y2|U3Q3Y2_9BACI	56.447	349	150	1	135	481	1	349	9.77e-132	389
Escherichia_coli_GYRB_ECOLI	tr|A0A8F9SIZ7|A0A8F9SIZ7_9BACI	55.241	353	156	1	131	481	1	353	5.08e-131	387
Escherichia_coli_GYRB_ECOLI	tr|A0A8F9SIZ7|A0A8F9SIZ7_9BACI	42.105	19	11	0	61	79	2	20	7.3	21.2
Escherichia_coli_GYRB_ECOLI	tr|X2C0N1|X2C0N1_9BACI	55.271	351	155	1	125	473	1	351	1.09e-129	384
Escherichia_coli_GYRB_ECOLI	tr|X2C0N1|X2C0N1_9BACI	42.105	19	11	0	61	79	8	26	6.7	21.2
Escherichia_coli_GYRB_ECOLI	tr|A0A7L7SWL9|A0A7L7SWL9_9BACI	56.012	341	148	1	100	438	1	341	7.75e-128	379
Escherichia_coli_GYRB_ECOLI	tr|A0A7L7SWL9|A0A7L7SWL9_9BACI	35.556	45	21	2	35	79	15	51	2.8	22.7
Escherichia_coli_GYRB_ECOLI	tr|A0A8F9SJ00|A0A8F9SJ00_9BACI	55.294	340	150	1	116	453	1	340	2.86e-125	372
Escherichia_coli_GYRB_ECOLI	tr|A0A8F9SJ00|A0A8F9SJ00_9BACI	42.105	19	11	0	61	79	17	35	7.2	21.2
Escherichia_coli_GYRB_ECOLI	tr|U3PXA6|U3PXA6_9BACI	55.488	328	144	1	156	481	2	329	1.50e-120	359
Escherichia_coli_GYRB_ECOLI	tr|A0A2I7VTB3|A0A2I7VTB3_9BACI	52.500	360	157	5	112	458	1	359	2.18e-116	349
Escherichia_coli_GYRB_ECOLI	tr|A0A2I7VTB3|A0A2I7VTB3_9BACI	35.556	45	21	2	35	79	3	39	1.4	23.5
Escherichia_coli_GYRB_ECOLI	tr|R4SGU5|R4SGU5_9BACI	57.047	298	126	1	186	481	1	298	3.18e-111	333
Escherichia_coli_GYRB_ECOLI	tr|A0A291NU89|A0A291NU89_9BACI	52.597	308	144	1	116	421	1	308	4.20e-106	321
Escherichia_coli_GYRB_ECOLI	tr|A0A291NU89|A0A291NU89_9BACI	42.105	19	11	0	61	79	17	35	6.6	21.2
Escherichia_coli_GYRB_ECOLI	tr|A0A5P8SVC2|A0A5P8SVC2_9BACI	53.115	305	141	1	112	414	1	305	1.18e-105	319
Escherichia_coli_GYRB_ECOLI	tr|A0A5P8SVC2|A0A5P8SVC2_9BACI	35.556	45	21	2	35	79	3	39	2.7	22.7
Escherichia_coli_GYRB_ECOLI	tr|A0A2H4NQZ6|A0A2H4NQZ6_9BACI	52.288	306	144	1	116	419	1	306	1.80e-104	316
Escherichia_coli_GYRB_ECOLI	tr|A0A2H4NQZ6|A0A2H4NQZ6_9BACI	42.105	19	11	0	61	79	17	35	6.9	21.2
Escherichia_coli_GYRB_ECOLI	tr|U3Q3X7|U3Q3X7_9BACI	57.092	282	119	1	202	481	1	282	4.84e-104	314
Escherichia_coli_GYRB_ECOLI	tr|U3Q0K6|U3Q0K6_9BACI	57.348	279	117	1	205	481	1	279	2.11e-103	313
Escherichia_coli_GYRB_ECOLI	tr|A0A2H4NQY1|A0A2H4NQY1_9BACI	51.974	304	144	1	116	417	1	304	2.96e-103	313
Escherichia_coli_GYRB_ECOLI	tr|A0A2H4NQY1|A0A2H4NQY1_9BACI	42.105	19	11	0	61	79	17	35	6.8	21.2
Escherichia_coli_GYRB_ECOLI	tr|A0A2H4NQZ0|A0A2H4NQZ0_9BACI	52.145	303	143	1	116	416	1	303	6.48e-103	312
Escherichia_coli_GYRB_ECOLI	tr|A0A2H4NQZ0|A0A2H4NQZ0_9BACI	42.105	19	11	0	61	79	17	35	6.7	21.2
Escherichia_coli_GYRB_ECOLI	tr|A0A291NUA3|A0A291NUA3_9BACI	53.156	301	139	1	109	407	1	301	2.26e-102	311
Escherichia_coli_GYRB_ECOLI	tr|A0A291NUA3|A0A291NUA3_9BACI	35.556	45	21	2	35	79	6	42	2.6	22.7
Escherichia_coli_GYRB_ECOLI	tr|A0A2Z4QL95|A0A2Z4QL95_9BACI	54.044	272	123	1	94	363	1	272	2.17e-101	307
Escherichia_coli_GYRB_ECOLI	tr|A0A2Z4QL95|A0A2Z4QL95_9BACI	35.556	45	21	2	35	79	21	57	3.1	22.3
Escherichia_coli_GYRB_ECOLI	tr|G9I659|G9I659_BACVZ	50.709	282	137	1	131	410	1	282	8.17e-91	280
Escherichia_coli_GYRB_ECOLI	tr|G9I659|G9I659_BACVZ	42.105	19	11	0	61	79	2	20	6.1	21.6
Escherichia_coli_GYRB_ECOLI	tr|A0A2H4PJY8|A0A2H4PJY8_9BACI	51.292	271	130	1	141	409	1	271	4.05e-86	267
Escherichia_coli_GYRB_ECOLI	tr|A0A2H4PJI5|A0A2H4PJI5_9BACI	50.562	267	130	1	141	405	1	267	1.95e-83	259
Escherichia_coli_GYRB_ECOLI	tr|A0A1Z1X916|A0A1Z1X916_9BACI	52.301	239	112	1	187	423	1	239	3.16e-78	244
Escherichia_coli_GYRB_ECOLI	tr|U3PYK3|U3PYK3_9BACI	57.746	213	90	0	269	481	1	213	9.64e-74	232
Escherichia_coli_GYRB_ECOLI	tr|U3PWH5|U3PWH5_9BACI	57.073	205	88	0	277	481	1	205	7.24e-70	221
Escherichia_coli_GYRB_ECOLI	tr|U3Q3V9|U3Q3V9_9BACI	58.031	193	81	0	289	481	1	193	9.91e-66	209
Escherichia_coli_GYRB_ECOLI	tr|U3PX95|U3PX95_9BACI	68.000	125	40	0	357	481	5	129	8.32e-47	155
Escherichia_coli_GYRB_ECOLI	tr|U3Q3V4|U3Q3V4_9BACI	69.792	96	29	0	384	479	1	96	5.43e-43	143
Escherichia_coli_GYRB_ECOLI	tr|U3PYL1|U3PYL1_9BACI	67.227	119	39	0	363	481	1	119	7.45e-43	143
Escherichia_coli_GYRB_ECOLI	tr|U3PYK6|U3PYK6_9BACI	67.797	118	38	0	364	481	1	118	9.05e-43	143
Escherichia_coli_GYRB_ECOLI	tr|A0A4Y6HRI7|A0A4Y6HRI7_9BACI	52.174	69	33	0	143	211	1	69	5.20e-21	79.7
